<?xml version="1.0" encoding="UTF-8" ?>
<testsuite tests="19" failures="0" name="org.bogdanvaduva.junit.revolut.TestRevolut" time="2.147" errors="0" skipped="0">
  <properties>
[...]
</properties>
  <testcase classname="org.bogdanvaduva.junit.revolut.TestRevolut" name="doTestAddBank" time="0.511"/>
  <testcase classname="org.bogdanvaduva.junit.revolut.TestRevolut" name="doTestGetCustomer" time="0.006"/>
  <testcase classname="org.bogdanvaduva.junit.revolut.TestRevolut" name="doTestDeleteAccount" time="0.049"/>
  <testcase classname="org.bogdanvaduva.junit.revolut.TestRevolut" name="doTestGetAllCustomers" time="0.011"/>
  <testcase classname="org.bogdanvaduva.junit.revolut.TestRevolut" name="doTestGetAccount" time="0.006"/>
  <testcase classname="org.bogdanvaduva.junit.revolut.TestRevolut" name="doTestGetAllTransactions" time="0.006"/>
  <testcase classname="org.bogdanvaduva.junit.revolut.TestRevolut" name="doTestGetBank" time="0.004"/>
  <testcase classname="org.bogdanvaduva.junit.revolut.TestRevolut" name="doTestGetAllBanks" time="0.006"/>
  <testcase classname="org.bogdanvaduva.junit.revolut.TestRevolut" name="doTestAddCustomer" time="0.056"/>
  <testcase classname="org.bogdanvaduva.junit.revolut.TestRevolut" name="doTestAddAccount" time="0.052"/>
  <testcase classname="org.bogdanvaduva.junit.revolut.TestRevolut" name="doTestGetDummyCustomer" time="0.005"/>
  <testcase classname="org.bogdanvaduva.junit.revolut.TestRevolut" name="doTestDeleteBank" time="0.05"/>
  <testcase classname="org.bogdanvaduva.junit.revolut.TestRevolut" name="doTestGetTransaction" time="0.003"/>
  <testcase classname="org.bogdanvaduva.junit.revolut.TestRevolut" name="doTestGetAllAccounts" time="0.015"/>
  <testcase classname="org.bogdanvaduva.junit.revolut.TestRevolut" name="doTestProcessTransfer" time="0.206"/>
  <testcase classname="org.bogdanvaduva.junit.revolut.TestRevolut" name="doTestGetDummyTransaction" time="0.005"/>
  <testcase classname="org.bogdanvaduva.junit.revolut.TestRevolut" name="doTestGetDummyAccount" time="0.004"/>
  <testcase classname="org.bogdanvaduva.junit.revolut.TestRevolut" name="doTestDeleteCustomer" time="0.054"/>
  <testcase classname="org.bogdanvaduva.junit.revolut.TestRevolut" name="doTestGetDummyBank" time="0.004"/>
</testsuite>